<DOCTYPE html>
<html>
    <head>
        <title><h1>Red Dead Redemption 2<h1></title>

        <meta charset="UTF-8">
        <meta name="author" content="Dave Michael V. Dolorican">
        <meta name="keywords" content="lab exercise 1">
        <meta name="date-submitted" content="dd-mm-yyyy">

        <link rel="icon href="icon.png" type="image/gif">
  </head>
  <body>
      <div>
          <h1>Red Dead Redemption 2</h1>
          <p>Red Dead Redemption 2 is a realistic story game made in october 26 2018, The story is set in the US in 1899 and follows the exploits of the main character Arthur Morgan,
outlaw and member of the Van der Linde gang, who deals with the decline of the Wild West while attempting to survive against government forces and rival gangs.</p>
      <span>
        <h3>5 reasons why this game is my favorite.</h3>
        <ul>
           <li>the story is really really good.</li>
           <li>the characters are very unique.</li>
           <li>the game is very realistic.</li>
           <li>it feels real to me.</li>
           <li>the oacing of the story and the ending had me in shambles.</li>
        </ul>
      </span>

         <p>Copyright &copy; Dave Michael V Dolorican 9-Lithium.</p>


      </div>

  </body>
</html>